\BOOKMARK [1][-]{section*.3}{Introduction}{}% 1
\BOOKMARK [1][-]{section.1}{Analyse de march\351 suivant le mod\350le de Porter}{}% 2
\BOOKMARK [2][-]{subsection.1.1}{Concurrence entre les firmes existantes}{section.1}% 3
\BOOKMARK [3][-]{subsubsection.1.1.1}{D\351finition du march\351}{subsection.1.1}% 4
\BOOKMARK [3][-]{subsubsection.1.1.2}{Description des produits concern\351s}{subsection.1.1}% 5
\BOOKMARK [3][-]{subsubsection.1.1.3}{Taxonomie des acteurs du transport du fret}{subsection.1.1}% 6
\BOOKMARK [3][-]{subsubsection.1.1.4}{Description du march\351}{subsection.1.1}% 7
\BOOKMARK [2][-]{subsection.1.2}{Clients}{section.1}% 8
\BOOKMARK [2][-]{subsection.1.3}{Fournisseurs}{section.1}% 9
\BOOKMARK [2][-]{subsection.1.4}{Menaces d'\351ventuels entrants}{section.1}% 10
\BOOKMARK [2][-]{subsection.1.5}{Menaces li\351es \340 l'existence de substituts}{section.1}% 11
\BOOKMARK [1][-]{section.2}{R\364le de l'ATM dans la strat\351gie des acteurs du fret a\351rien}{}% 12
\BOOKMARK [2][-]{subsection.2.1}{Un trafic r\351parti}{section.2}% 13
\BOOKMARK [3][-]{subsubsection.2.1.1}{Des vols ayant principalement lieu la nuit}{subsection.2.1}% 14
\BOOKMARK [3][-]{subsubsection.2.1.2}{Un trafic de nuit remis en cause}{subsection.2.1}% 15
\BOOKMARK [2][-]{subsection.2.2}{Un r\351seau fortement maill\351}{section.2}% 16
\BOOKMARK [3][-]{subsubsection.2.2.1}{Un "routage" facilit\351 des marchandises}{subsection.2.2}% 17
\BOOKMARK [3][-]{subsubsection.2.2.2}{Un trafic tr\350s r\351silient face aux retards}{subsection.2.2}% 18
\BOOKMARK [1][-]{section.3}{R\364le de l'ATM dans le futur par rapport aux strat\351gies des acteurs }{}% 19
\BOOKMARK [2][-]{subsection.3.1}{L'opportunit\351 du programme SESAR}{section.3}% 20
\BOOKMARK [2][-]{subsection.3.2}{Introduction de nouveaux paradigmes}{section.3}% 21
\BOOKMARK [2][-]{subsection.3.3}{Vers une extension du p\351rim\350tre du fret}{section.3}% 22
\BOOKMARK [1][-]{section*.4}{Conclusion}{}% 23
